<?xml version="1.0" encoding="UTF-8"?>
<testng-results ignored="0" total="2" passed="2" failed="0" skipped="0">
  <reporter-output>
  </reporter-output>
  <suite started-at="2021-09-09T17:59:07 PDT" name="Default suite" finished-at="2021-09-09T18:00:11 PDT" duration-ms="63789">
    <groups>
      <group name="cucumber">
        <method signature="AbstractTestNGCucumberTests.feature(cucumber.api.testng.CucumberFeatureWrapper)[pri:0, instance:californiaUS.TestRunneerrDK.CaliforniaTestRunneerrDK@3a6bb9bf]" name="feature" class="cucumber.api.testng.AbstractTestNGCucumberTests"/>
      </group> <!-- cucumber -->
    </groups>
    <test started-at="2021-09-09T17:59:07 PDT" name="Default test" finished-at="2021-09-09T18:00:11 PDT" duration-ms="63789">
      <class name="californiaUS.TestRunneerrDK.CaliforniaTestRunneerrDK">
        <test-method is-config="true" signature="OpenBrowser()[pri:0, instance:californiaUS.TestRunneerrDK.CaliforniaTestRunneerrDK@3a6bb9bf]" started-at="2021-09-09T17:59:07 PDT" name="OpenBrowser" finished-at="2021-09-09T17:59:13 PDT" duration-ms="5864" status="PASS">
          <reporter-output>
          </reporter-output>
        </test-method> <!-- OpenBrowser -->
        <test-method is-config="true" signature="setUpClass()[pri:0, instance:californiaUS.TestRunneerrDK.CaliforniaTestRunneerrDK@3a6bb9bf]" started-at="2021-09-09T17:59:13 PDT" name="setUpClass" finished-at="2021-09-09T17:59:13 PDT" duration-ms="391" status="PASS">
          <reporter-output>
          </reporter-output>
        </test-method> <!-- setUpClass -->
        <test-method signature="feature(cucumber.api.testng.CucumberFeatureWrapper)[pri:0, instance:californiaUS.TestRunneerrDK.CaliforniaTestRunneerrDK@3a6bb9bf]" started-at="2021-09-09T17:59:13 PDT" name="feature" description="Runs Cucumber Feature" data-provider="features" finished-at="2021-09-09T17:59:56 PDT" duration-ms="42766" status="PASS">
          <params>
            <param index="0">
              <value>
                <![CDATA[Home page]]>
              </value>
            </param>
          </params>
          <reporter-output>
          </reporter-output>
        </test-method> <!-- feature -->
        <test-method signature="feature(cucumber.api.testng.CucumberFeatureWrapper)[pri:0, instance:californiaUS.TestRunneerrDK.CaliforniaTestRunneerrDK@3a6bb9bf]" started-at="2021-09-09T17:59:56 PDT" name="feature" description="Runs Cucumber Feature" data-provider="features" finished-at="2021-09-09T18:00:10 PDT" duration-ms="13739" status="PASS">
          <params>
            <param index="0">
              <value>
                <![CDATA[Loggin]]>
              </value>
            </param>
          </params>
          <reporter-output>
          </reporter-output>
        </test-method> <!-- feature -->
        <test-method is-config="true" signature="tearDownClass()[pri:0, instance:californiaUS.TestRunneerrDK.CaliforniaTestRunneerrDK@3a6bb9bf]" started-at="2021-09-09T18:00:10 PDT" name="tearDownClass" finished-at="2021-09-09T18:00:10 PDT" duration-ms="16" status="PASS">
          <reporter-output>
          </reporter-output>
        </test-method> <!-- tearDownClass -->
        <test-method is-config="true" signature="Closeebrowser()[pri:0, instance:californiaUS.TestRunneerrDK.CaliforniaTestRunneerrDK@3a6bb9bf]" started-at="2021-09-09T18:00:10 PDT" name="Closeebrowser" finished-at="2021-09-09T18:00:11 PDT" duration-ms="782" status="PASS">
          <reporter-output>
          </reporter-output>
        </test-method> <!-- Closeebrowser -->
      </class> <!-- californiaUS.TestRunneerrDK.CaliforniaTestRunneerrDK -->
    </test> <!-- Default test -->
  </suite> <!-- Default suite -->
</testng-results>
